{
  "summary": {
    "outcome": "Failed",
    "testsRan": 1,
    "passing": 0,
    "failing": 1,
    "skipped": 0,
    "passRate": "0%",
    "failRate": "100%",
    "skipRate": "0%",
    "testStartTime": "Mon Mar 06 2023 9:56:20 AM",
    "testExecutionTimeInMs": 131,
    "testTotalTimeInMs": 131,
    "commandTimeInMs": 124,
    "hostname": "https://akkodis41-dev-ed.develop.my.salesforce.com",
    "orgId": "00D0900000DYQKLEA5",
    "username": "raphael.houdry@fasha.com",
    "testRunId": "7070900003IYQ9G",
    "userId": "0050900000BrlnPAAR"
  },
  "tests": [
    {
      "id": "07M09000003h2R3EAI",
      "queueItemId": "709090000012GQbAAM",
      "stackTrace": "Class.OrderTriggerTest.setOrderNetAmountTest: line 32, column 1",
      "message": "System.AssertException: Assertion Failed: Expected: 140, Actual: null",
      "asyncApexJobId": "7070900003IYQ9GAAX",
      "methodName": "setOrderNetAmountTest",
      "outcome": "Fail",
      "apexLogId": "07L0900000Bs4SDEAZ",
      "apexClass": {
        "id": "01p0900000StH1hAAF",
        "name": "OrderTriggerTest",
        "namespacePrefix": null,
        "fullName": "OrderTriggerTest"
      },
      "runTime": 131,
      "testTimestamp": "2023-03-06T08:56:21.000+0000",
      "fullName": "OrderTriggerTest.setOrderNetAmountTest",
      "diagnostic": {
        "exceptionMessage": "System.AssertException: Assertion Failed: Expected: 140, Actual: null",
        "exceptionStackTrace": "Class.OrderTriggerTest.setOrderNetAmountTest: line 32, column 1",
        "className": "OrderTriggerTest",
        "compileProblem": "",
        "lineNumber": 32,
        "columnNumber": 1
      }
    }
  ]
}