{
  "summary": {
    "outcome": "Failed",
    "testsRan": 1,
    "passing": 0,
    "failing": 1,
    "skipped": 0,
    "passRate": "0%",
    "failRate": "100%",
    "skipRate": "0%",
    "testStartTime": "Mon Mar 13 2023 11:23:15 AM",
    "testExecutionTimeInMs": 531,
    "testTotalTimeInMs": 531,
    "commandTimeInMs": 420,
    "hostname": "https://akkodis41-dev-ed.develop.my.salesforce.com",
    "orgId": "00D0900000DYQKLEA5",
    "username": "raphael.houdry@fasha.com",
    "testRunId": "7070900003LI2fX",
    "userId": "0050900000BrlnPAAR"
  },
  "tests": [
    {
      "id": "07M09000003htxcEAA",
      "queueItemId": "709090000012GxVAAU",
      "stackTrace": "Class.OrderTriggerTest.az: line 63, column 1",
      "message": "System.DmlException: Insert failed. First exception on row 0; first error: REQUIRED_FIELD_MISSING, Required fields are missing: [EffectiveDate, Status]: [EffectiveDate, Status]",
      "asyncApexJobId": "7070900003LI2fXAAT",
      "methodName": "az",
      "outcome": "Fail",
      "apexLogId": "07L0900000BsQf5EAF",
      "apexClass": {
        "id": "01p0900000StH1hAAF",
        "name": "OrderTriggerTest",
        "namespacePrefix": null,
        "fullName": "OrderTriggerTest"
      },
      "runTime": 531,
      "testTimestamp": "2023-03-13T10:23:15.000+0000",
      "fullName": "OrderTriggerTest.az",
      "diagnostic": {
        "exceptionMessage": "System.DmlException: Insert failed. First exception on row 0; first error: REQUIRED_FIELD_MISSING, Required fields are missing: [EffectiveDate, Status]: [EffectiveDate, Status]",
        "exceptionStackTrace": "Class.OrderTriggerTest.az: line 63, column 1",
        "className": "OrderTriggerTest",
        "compileProblem": "",
        "lineNumber": 63,
        "columnNumber": 1
      }
    }
  ]
}