{
  "summary": {
    "outcome": "Failed",
    "testsRan": 1,
    "passing": 0,
    "failing": 1,
    "skipped": 0,
    "passRate": "0%",
    "failRate": "100%",
    "skipRate": "0%",
    "testStartTime": "Tue Mar 14 2023 9:30:35 AM",
    "testExecutionTimeInMs": 204,
    "testTotalTimeInMs": 204,
    "commandTimeInMs": 151,
    "hostname": "https://akkodis41-dev-ed.develop.my.salesforce.com",
    "orgId": "00D0900000DYQKLEA5",
    "username": "raphael.houdry@fasha.com",
    "testRunId": "7070900003LIrWN",
    "userId": "0050900000BrlnPAAR"
  },
  "tests": [
    {
      "id": "07M09000003hvxYEAQ",
      "queueItemId": "709090000012H5RAAU",
      "stackTrace": "Class.OrderTriggerTest.setOrderNetAmountTest: line 41, column 1",
      "message": "System.AssertException: Assertion Failed: Expected: 10, Actual: null",
      "asyncApexJobId": "7070900003LIrWNAA1",
      "methodName": "setOrderNetAmountTest",
      "outcome": "Fail",
      "apexLogId": "07L0900000BsY6YEAV",
      "apexClass": {
        "id": "01p0900000StH1hAAF",
        "name": "OrderTriggerTest",
        "namespacePrefix": null,
        "fullName": "OrderTriggerTest"
      },
      "runTime": 204,
      "testTimestamp": "2023-03-14T08:30:37.000+0000",
      "fullName": "OrderTriggerTest.setOrderNetAmountTest",
      "diagnostic": {
        "exceptionMessage": "System.AssertException: Assertion Failed: Expected: 10, Actual: null",
        "exceptionStackTrace": "Class.OrderTriggerTest.setOrderNetAmountTest: line 41, column 1",
        "className": "OrderTriggerTest",
        "compileProblem": "",
        "lineNumber": 41,
        "columnNumber": 1
      }
    }
  ]
}