{
  "summary": {
    "outcome": "Failed",
    "testsRan": 1,
    "passing": 0,
    "failing": 1,
    "skipped": 0,
    "passRate": "0%",
    "failRate": "100%",
    "skipRate": "0%",
    "testStartTime": "Tue Mar 07 2023 3:46:19 PM",
    "testExecutionTimeInMs": 0,
    "testTotalTimeInMs": 0,
    "commandTimeInMs": 137,
    "hostname": "https://akkodis41-dev-ed.develop.my.salesforce.com",
    "orgId": "00D0900000DYQKLEA5",
    "username": "raphael.houdry@fasha.com",
    "testRunId": "7070900003IZtDc",
    "userId": "0050900000BrlnPAAR"
  },
  "tests": [
    {
      "id": "07M09000003h5hlEAA",
      "queueItemId": "709090000012GSaAAM",
      "stackTrace": "Class.TestDataFactory.generateOrderItemsList: line 77, column 1\nClass.OrderTriggerTest.makeData: line 9, column 1",
      "message": "System.DmlException: Insert failed. First exception on row 0; first error: REQUIRED_FIELD_MISSING, Missing value for required field(s): Order: []",
      "asyncApexJobId": "7070900003IZtDcAAL",
      "methodName": "setOrderNetAmountTest",
      "outcome": "Fail",
      "apexLogId": null,
      "apexClass": {
        "id": "01p0900000StH1hAAF",
        "name": "OrderTriggerTest",
        "namespacePrefix": null,
        "fullName": "OrderTriggerTest"
      },
      "runTime": 0,
      "testTimestamp": "2023-03-07T14:46:24.000+0000",
      "fullName": "OrderTriggerTest.setOrderNetAmountTest",
      "diagnostic": {
        "exceptionMessage": "System.DmlException: Insert failed. First exception on row 0; first error: REQUIRED_FIELD_MISSING, Missing value for required field(s): Order: []",
        "exceptionStackTrace": "Class.TestDataFactory.generateOrderItemsList: line 77, column 1\nClass.OrderTriggerTest.makeData: line 9, column 1",
        "className": "TestDataFactory",
        "compileProblem": "",
        "lineNumber": 77,
        "columnNumber": 1
      }
    }
  ]
}