{
  "summary": {
    "outcome": "Failed",
    "testsRan": 1,
    "passing": 0,
    "failing": 1,
    "skipped": 0,
    "passRate": "0%",
    "failRate": "100%",
    "skipRate": "0%",
    "testStartTime": "Tue Mar 14 2023 10:47:23 AM",
    "testExecutionTimeInMs": 175,
    "testTotalTimeInMs": 175,
    "commandTimeInMs": 610,
    "hostname": "https://akkodis41-dev-ed.develop.my.salesforce.com",
    "orgId": "00D0900000DYQKLEA5",
    "username": "raphael.houdry@fasha.com",
    "testRunId": "7070900003LIuTt",
    "userId": "0050900000BrlnPAAR"
  },
  "tests": [
    {
      "id": "07M09000003hwMnEAI",
      "queueItemId": "709090000012H70AAE",
      "stackTrace": "Class.OrderTriggerTest.setAccountRevenuesUpdateTest: line 60, column 1",
      "message": "System.AssertException: Assertion Failed: Expected: 10, Actual: null",
      "asyncApexJobId": "7070900003LIuTtAAL",
      "methodName": "setAccountRevenuesUpdateTest",
      "outcome": "Fail",
      "apexLogId": "07L0900000BsZ49EAF",
      "apexClass": {
        "id": "01p0900000StH1hAAF",
        "name": "OrderTriggerTest",
        "namespacePrefix": null,
        "fullName": "OrderTriggerTest"
      },
      "runTime": 175,
      "testTimestamp": "2023-03-14T09:47:25.000+0000",
      "fullName": "OrderTriggerTest.setAccountRevenuesUpdateTest",
      "diagnostic": {
        "exceptionMessage": "System.AssertException: Assertion Failed: Expected: 10, Actual: null",
        "exceptionStackTrace": "Class.OrderTriggerTest.setAccountRevenuesUpdateTest: line 60, column 1",
        "className": "OrderTriggerTest",
        "compileProblem": "",
        "lineNumber": 60,
        "columnNumber": 1
      }
    }
  ]
}